0 info it worked if it ends with ok
1 verbose cli [ 'node', '/usr/local/bin/npm', 'uninstall', 'node-notifier' ]
2 info using npm@1.4.28
3 info using node@v0.10.32
4 verbose node_modules/node-notifier unbuild
5 info preuninstall node-notifier@4.1.2
6 info uninstall node-notifier@4.1.2
7 verbose true,/Applications/MAMP/htdocs/portfolio2015/node_modules,/Applications/MAMP/htdocs/portfolio2015/node_modules unbuild node-notifier@4.1.2
8 info postuninstall node-notifier@4.1.2
9 error Error: EACCES, unlink '/Applications/MAMP/htdocs/portfolio2015/node_modules/node-notifier/node_modules/.bin/semver'
9 error  { [Error: EACCES, unlink '/Applications/MAMP/htdocs/portfolio2015/node_modules/node-notifier/node_modules/.bin/semver']
9 error   errno: 3,
9 error   code: 'EACCES',
9 error   path: '/Applications/MAMP/htdocs/portfolio2015/node_modules/node-notifier/node_modules/.bin/semver' }
10 error Please try running this command again as root/Administrator.
11 error System Darwin 14.0.0
12 error command "node" "/usr/local/bin/npm" "uninstall" "node-notifier"
13 error cwd /Applications/MAMP/htdocs/portfolio2015
14 error node -v v0.10.32
15 error npm -v 1.4.28
16 error path /Applications/MAMP/htdocs/portfolio2015/node_modules/node-notifier/node_modules/.bin/semver
17 error code EACCES
18 error errno 3
19 error stack Error: EACCES, unlink '/Applications/MAMP/htdocs/portfolio2015/node_modules/node-notifier/node_modules/.bin/semver'
20 verbose exit [ 3, true ]
